INFO:root:Data loaded successfully from ../data/train.csv and ../data/test.csv
INFO:root:Data loaded successfully from ../data/test.csv
INFO:root:Data loaded successfully from ../data/test.csv
INFO:root:Data loaded successfully from ../data/test.csv
INFO:root:Data loaded successfully
INFO:root:Data loaded successfully from ../data/train.csv and ../data/test.csv
INFO:root:Data loaded successfully
INFO:root:Feature engineering completed for dataset of shape (1017209, 15)
INFO:root:Feature engineering completed for dataset of shape (41088, 14)
2024-09-23 16:56:46,716 - INFO - Data loaded successfully
2024-09-23 16:56:47,146 - INFO - Feature engineering completed for dataset of shape (1017209, 15)
2024-09-23 16:56:47,164 - INFO - Feature engineering completed for dataset of shape (41088, 14)
2024-09-23 16:57:27,591 - INFO - Data loaded successfully
2024-09-23 16:57:27,915 - INFO - Feature engineering completed for dataset of shape (1017209, 15)
2024-09-23 16:57:27,939 - INFO - Feature engineering completed for dataset of shape (41088, 14)
2024-09-23 16:58:48,541 - INFO - Data loaded successfully
2024-09-23 16:58:48,856 - INFO - Feature engineering completed for dataset of shape (1017209, 15)
2024-09-23 16:58:48,869 - INFO - Feature engineering completed for dataset of shape (41088, 14)
2024-09-23 17:00:30,813 - INFO - Data loaded successfully
2024-09-23 17:00:31,131 - INFO - Feature engineering completed for dataset of shape (1017209, 15)
2024-09-23 17:00:31,146 - INFO - Feature engineering completed for dataset of shape (41088, 14)
2024-09-23 17:00:51,148 - INFO - Missing values handled
2024-09-23 17:00:51,215 - INFO - Missing values handled
2024-09-23 17:06:17,389 - INFO - Data loaded successfully
2024-09-23 17:06:17,851 - INFO - Feature engineering completed for dataset of shape (1017209, 15)
2024-09-23 17:06:17,867 - INFO - Feature engineering completed for dataset of shape (41088, 14)
2024-09-23 17:06:18,027 - INFO - Missing values handled
2024-09-23 17:06:18,029 - INFO - Missing values handled
2024-09-23 23:29:48,566 - INFO - Data loaded successfully
2024-09-23 23:29:48,987 - INFO - Feature engineering completed for dataset of shape (1017209, 15)
2024-09-23 23:29:49,001 - INFO - Feature engineering completed for dataset of shape (41088, 14)
2024-09-23 23:29:49,070 - INFO - Missing values handled
2024-09-23 23:29:49,074 - INFO - Missing values handled
2024-09-23 23:33:19,878 - INFO - Data loaded successfully
2024-09-23 23:33:20,389 - INFO - Feature engineering completed for dataset of shape (1017209, 15)
2024-09-23 23:33:20,404 - INFO - Feature engineering completed for dataset of shape (41088, 14)
2024-09-23 23:33:20,468 - INFO - Missing values handled
2024-09-23 23:33:20,471 - INFO - Missing values handled
2024-09-23 23:33:21,271 - INFO - Categorical encoding completed
2024-09-23 23:33:21,324 - INFO - Categorical encoding completed
2024-09-23 23:35:40,680 - INFO - Model training completed
2024-09-23 23:35:52,143 - INFO - Model evaluation: RMSE = 2444.140853673333
2024-09-23 23:39:51,461 - INFO - Data loaded successfully
2024-09-23 23:39:51,907 - INFO - Feature engineering completed for dataset of shape (1017209, 15)
2024-09-23 23:39:51,920 - INFO - Feature engineering completed for dataset of shape (41088, 14)
2024-09-23 23:39:52,289 - INFO - Missing values handled
2024-09-23 23:39:52,290 - INFO - Missing values handled
2024-09-23 23:40:02,282 - INFO - Data loaded successfully
2024-09-23 23:40:02,602 - INFO - Feature engineering completed for dataset of shape (1017209, 15)
2024-09-23 23:40:02,623 - INFO - Feature engineering completed for dataset of shape (41088, 14)
2024-09-23 23:40:02,693 - INFO - Missing values handled
2024-09-23 23:40:02,696 - INFO - Missing values handled
2024-09-23 23:40:39,883 - INFO - Categorical encoding completed with columns: ['DayOfWeek', 'Open', 'Promo', 'SchoolHoliday', 'Year', 'Month', 'Day', 'IsWeekend', 'IsBeginningOfMonth', 'IsEndOfMonth', 'Store', 'StateHoliday_a', 'StateHoliday_b', 'StateHoliday_c']
2024-09-23 23:42:46,995 - INFO - Data loaded successfully
2024-09-23 23:42:47,314 - INFO - Feature engineering completed for dataset of shape (1017209, 15)
2024-09-23 23:42:47,331 - INFO - Feature engineering completed for dataset of shape (41088, 14)
2024-09-23 23:42:47,393 - INFO - Missing values handled
2024-09-23 23:42:47,396 - INFO - Missing values handled
2024-09-23 23:42:47,840 - INFO - Categorical encoding completed with columns: ['DayOfWeek', 'Open', 'Promo', 'SchoolHoliday', 'Year', 'Month', 'Day', 'IsWeekend', 'IsBeginningOfMonth', 'IsEndOfMonth', 'Store', 'StateHoliday_a', 'StateHoliday_b', 'StateHoliday_c']
2024-09-23 23:45:25,510 - INFO - Model training completed
2024-09-23 23:45:28,088 - INFO - Model evaluation: RMSE = 2444.1386896772933
2024-09-23 23:47:55,817 - INFO - Data loaded successfully
2024-09-23 23:47:56,110 - INFO - Feature engineering completed for dataset of shape (1017209, 15)
2024-09-23 23:47:56,124 - INFO - Feature engineering completed for dataset of shape (41088, 14)
2024-09-23 23:47:56,171 - INFO - Missing values handled
2024-09-23 23:47:56,174 - INFO - Missing values handled
2024-09-23 23:47:56,980 - INFO - Categorical encoding completed with columns: ['DayOfWeek', 'Open', 'Promo', 'SchoolHoliday', 'Year', 'Month', 'Day', 'IsWeekend', 'IsBeginningOfMonth', 'IsEndOfMonth', 'Id', 'StateHoliday_a', 'StateHoliday_b', 'StateHoliday_c']
2024-09-23 23:50:00,238 - INFO - Model training completed
2024-09-23 23:50:02,813 - INFO - Model evaluation: RMSE = 2444.1386896772933
